<?xml version="1.0" encoding="UTF-8"?>
<!-- Generated by org.testng.reporters.JUnitReportReporter -->
<testsuite hostname="eHLT-LAP-0037" failures="0" tests="1" name="test.testngDemo" time="0.015" errors="0" timestamp="2021-08-30T11:48:37 IST" skipped="0">
  <testcase classname="test.testngDemo" name="demo" time="0.015"/>
  <system-out/>
</testsuite> <!-- test.testngDemo -->
